[2022-02-26T19:34:47.330+0800][0.012s] Using G1
[2022-02-26T19:34:47.461+0800][0.139s] Version: 17.0.2+8-LTS-86 (release)
[2022-02-26T19:34:47.461+0800][0.139s] CPUs: 8 total, 8 available
[2022-02-26T19:34:47.461+0800][0.139s] Memory: 16075M
[2022-02-26T19:34:47.461+0800][0.139s] Large Page Support: Disabled
[2022-02-26T19:34:47.461+0800][0.139s] NUMA Support: Disabled
[2022-02-26T19:34:47.461+0800][0.139s] Compressed Oops: Enabled (32-bit)
[2022-02-26T19:34:47.461+0800][0.139s] Heap Region Size: 1M
[2022-02-26T19:34:47.461+0800][0.139s] Heap Min Capacity: 512M
[2022-02-26T19:34:47.461+0800][0.139s] Heap Initial Capacity: 512M
[2022-02-26T19:34:47.461+0800][0.139s] Heap Max Capacity: 512M
[2022-02-26T19:34:47.461+0800][0.139s] Pre-touch: Enabled
[2022-02-26T19:34:47.461+0800][0.140s] Parallel Workers: 8
[2022-02-26T19:34:47.461+0800][0.140s] Concurrent Workers: 2
[2022-02-26T19:34:47.461+0800][0.140s] Concurrent Refinement Workers: 8
[2022-02-26T19:34:47.461+0800][0.140s] Periodic GC: Disabled
[2022-02-26T19:34:47.461+0800][0.141s] CDS archive(s) mapped at: [0x0000000800000000-0x0000000800bc0000-0x0000000800bc0000), size 12320768, SharedBaseAddress: 0x0000000800000000, ArchiveRelocationMode: 0.
[2022-02-26T19:34:47.461+0800][0.141s] Compressed class space mapped at: 0x0000000800c00000-0x0000000840c00000, reserved size: 1073741824
[2022-02-26T19:34:47.461+0800][0.141s] Narrow klass base: 0x0000000800000000, Narrow klass shift: 0, Narrow klass range: 0x100000000
[2022-02-26T19:34:48.542+0800][1.215s] GC(0) Pause Young (Normal) (G1 Evacuation Pause)
[2022-02-26T19:34:48.543+0800][1.216s] GC(0) Using 8 workers of 8 for evacuation
[2022-02-26T19:34:48.550+0800][1.223s] GC(0)   Pre Evacuate Collection Set: 0.1ms
[2022-02-26T19:34:48.551+0800][1.223s] GC(0)   Merge Heap Roots: 0.0ms
[2022-02-26T19:34:48.551+0800][1.223s] GC(0)   Evacuate Collection Set: 6.7ms
[2022-02-26T19:34:48.551+0800][1.223s] GC(0)   Post Evacuate Collection Set: 0.4ms
[2022-02-26T19:34:48.551+0800][1.223s] GC(0)   Other: 0.6ms
[2022-02-26T19:34:48.551+0800][1.223s] GC(0) Eden regions: 29->0(40)
[2022-02-26T19:34:48.551+0800][1.223s] GC(0) Survivor regions: 0->4(4)
[2022-02-26T19:34:48.551+0800][1.223s] GC(0) Old regions: 0->1
[2022-02-26T19:34:48.551+0800][1.223s] GC(0) Archive regions: 0->0
[2022-02-26T19:34:48.551+0800][1.223s] GC(0) Humongous regions: 0->0
[2022-02-26T19:34:48.551+0800][1.223s] GC(0) Metaspace: 9453K(9600K)->9453K(9600K) NonClass: 8357K(8448K)->8357K(8448K) Class: 1095K(1152K)->1095K(1152K)
[2022-02-26T19:34:48.551+0800][1.223s] GC(0) Pause Young (Normal) (G1 Evacuation Pause) 29M->4M(512M) 8.077ms
[2022-02-26T19:34:48.551+0800][1.223s] GC(0) User=0.00s Sys=0.00s Real=0.01s
[2022-02-26T19:34:49.378+0800][2.054s] GC(1) Pause Young (Normal) (G1 Evacuation Pause)
[2022-02-26T19:34:49.378+0800][2.054s] GC(1) Using 8 workers of 8 for evacuation
[2022-02-26T19:34:49.378+0800][2.064s] GC(1)   Pre Evacuate Collection Set: 0.1ms
[2022-02-26T19:34:49.378+0800][2.064s] GC(1)   Merge Heap Roots: 0.0ms
[2022-02-26T19:34:49.378+0800][2.064s] GC(1)   Evacuate Collection Set: 8.5ms
[2022-02-26T19:34:49.378+0800][2.064s] GC(1)   Post Evacuate Collection Set: 0.5ms
[2022-02-26T19:34:49.378+0800][2.064s] GC(1)   Other: 0.2ms
[2022-02-26T19:34:49.378+0800][2.064s] GC(1) Eden regions: 38->0(58)
[2022-02-26T19:34:49.378+0800][2.064s] GC(1) Survivor regions: 4->6(6)
[2022-02-26T19:34:49.378+0800][2.064s] GC(1) Old regions: 1->10
[2022-02-26T19:34:49.378+0800][2.064s] GC(1) Archive regions: 0->0
[2022-02-26T19:34:49.378+0800][2.064s] GC(1) Humongous regions: 4->4
[2022-02-26T19:34:49.378+0800][2.064s] GC(1) Metaspace: 15610K(15808K)->15610K(15808K) NonClass: 13787K(13888K)->13787K(13888K) Class: 1822K(1920K)->1822K(1920K)
[2022-02-26T19:34:49.378+0800][2.064s] GC(1) Pause Young (Normal) (G1 Evacuation Pause) 46M->19M(512M) 9.475ms
[2022-02-26T19:34:49.378+0800][2.064s] GC(1) User=0.00s Sys=0.00s Real=0.00s
[2022-02-26T19:34:49.994+0800][2.675s] GC(2) Pause Young (Concurrent Start) (Metadata GC Threshold)
[2022-02-26T19:34:49.994+0800][2.675s] GC(2) Using 8 workers of 8 for evacuation
[2022-02-26T19:34:49.994+0800][2.680s] GC(2)   Pre Evacuate Collection Set: 0.1ms
[2022-02-26T19:34:49.994+0800][2.680s] GC(2)   Merge Heap Roots: 0.0ms
[2022-02-26T19:34:49.994+0800][2.680s] GC(2)   Evacuate Collection Set: 4.0ms
[2022-02-26T19:34:49.994+0800][2.680s] GC(2)   Post Evacuate Collection Set: 0.4ms
[2022-02-26T19:34:49.994+0800][2.680s] GC(2)   Other: 0.3ms
[2022-02-26T19:34:49.994+0800][2.680s] GC(2) Eden regions: 51->0(127)
[2022-02-26T19:34:49.994+0800][2.680s] GC(2) Survivor regions: 6->6(8)
[2022-02-26T19:34:49.994+0800][2.680s] GC(2) Old regions: 10->16
[2022-02-26T19:34:49.994+0800][2.680s] GC(2) Archive regions: 0->0
[2022-02-26T19:34:49.994+0800][2.680s] GC(2) Humongous regions: 4->4
[2022-02-26T19:34:49.994+0800][2.680s] GC(2) Metaspace: 21276K(21504K)->21276K(21504K) NonClass: 18869K(18944K)->18869K(18944K) Class: 2406K(2560K)->2406K(2560K)
[2022-02-26T19:34:49.994+0800][2.680s] GC(2) Pause Young (Concurrent Start) (Metadata GC Threshold) 70M->25M(512M) 4.916ms
[2022-02-26T19:34:49.994+0800][2.680s] GC(2) User=0.00s Sys=0.00s Real=0.00s
[2022-02-26T19:34:49.994+0800][2.680s] GC(3) Concurrent Mark Cycle
[2022-02-26T19:34:49.994+0800][2.680s] GC(3) Concurrent Clear Claimed Marks
[2022-02-26T19:34:49.994+0800][2.680s] GC(3) Concurrent Clear Claimed Marks 0.020ms
[2022-02-26T19:34:49.994+0800][2.680s] GC(3) Concurrent Scan Root Regions
[2022-02-26T19:34:50.011+0800][2.683s] GC(3) Concurrent Scan Root Regions 2.805ms
[2022-02-26T19:34:50.011+0800][2.683s] GC(3) Concurrent Mark
[2022-02-26T19:34:50.011+0800][2.683s] GC(3) Concurrent Mark From Roots
[2022-02-26T19:34:50.011+0800][2.683s] GC(3) Using 2 workers of 2 for marking
[2022-02-26T19:34:50.011+0800][2.694s] GC(3) Concurrent Mark From Roots 10.343ms
[2022-02-26T19:34:50.011+0800][2.694s] GC(3) Concurrent Preclean
[2022-02-26T19:34:50.011+0800][2.694s] GC(3) Concurrent Preclean 0.079ms
[2022-02-26T19:34:50.011+0800][2.694s] GC(3) Pause Remark
[2022-02-26T19:34:50.011+0800][2.695s] GC(3) Pause Remark 27M->27M(512M) 1.349ms
[2022-02-26T19:34:50.011+0800][2.695s] GC(3) User=0.00s Sys=0.00s Real=0.00s
[2022-02-26T19:34:50.011+0800][2.695s] GC(3) Concurrent Mark 11.985ms
[2022-02-26T19:34:50.011+0800][2.695s] GC(3) Concurrent Rebuild Remembered Sets
[2022-02-26T19:34:50.027+0800][2.704s] GC(3) Concurrent Rebuild Remembered Sets 8.258ms
[2022-02-26T19:34:50.027+0800][2.704s] GC(3) Pause Cleanup
[2022-02-26T19:34:50.027+0800][2.704s] GC(3) Pause Cleanup 27M->27M(512M) 0.124ms
[2022-02-26T19:34:50.027+0800][2.704s] GC(3) User=0.00s Sys=0.00s Real=0.00s
[2022-02-26T19:34:50.027+0800][2.704s] GC(3) Concurrent Cleanup for Next Mark
[2022-02-26T19:34:50.027+0800][2.704s] GC(3) Concurrent Cleanup for Next Mark 0.269ms
[2022-02-26T19:34:50.027+0800][2.704s] GC(3) Concurrent Mark Cycle 23.899ms
[2022-02-26T19:34:51.968+0800][4.640s] GC(4) Pause Young (Prepare Mixed) (Metadata GC Threshold)
[2022-02-26T19:34:51.968+0800][4.640s] GC(4) Using 8 workers of 8 for evacuation
[2022-02-26T19:34:51.968+0800][4.645s] GC(4)   Pre Evacuate Collection Set: 0.1ms
[2022-02-26T19:34:51.968+0800][4.645s] GC(4)   Merge Heap Roots: 0.1ms
[2022-02-26T19:34:51.968+0800][4.645s] GC(4)   Evacuate Collection Set: 4.4ms
[2022-02-26T19:34:51.968+0800][4.645s] GC(4)   Post Evacuate Collection Set: 0.4ms
[2022-02-26T19:34:51.968+0800][4.645s] GC(4)   Other: 0.2ms
[2022-02-26T19:34:51.968+0800][4.645s] GC(4) Eden regions: 118->0(13)
[2022-02-26T19:34:51.968+0800][4.645s] GC(4) Survivor regions: 6->12(19)
[2022-02-26T19:34:51.968+0800][4.645s] GC(4) Old regions: 16->16
[2022-02-26T19:34:51.968+0800][4.645s] GC(4) Archive regions: 0->0
[2022-02-26T19:34:51.968+0800][4.645s] GC(4) Humongous regions: 5->4
[2022-02-26T19:34:51.968+0800][4.645s] GC(4) Metaspace: 36126K(36416K)->36126K(36416K) NonClass: 31866K(32000K)->31866K(32000K) Class: 4259K(4416K)->4259K(4416K)
[2022-02-26T19:34:51.968+0800][4.646s] GC(4) Pause Young (Prepare Mixed) (Metadata GC Threshold) 144M->31M(512M) 5.332ms
[2022-02-26T19:34:51.968+0800][4.646s] GC(4) User=0.00s Sys=0.00s Real=0.00s
[2022-02-26T19:34:51.983+0800][4.664s] GC(5) Pause Young (Mixed) (Metadata GC Threshold)
[2022-02-26T19:34:51.983+0800][4.664s] GC(5) Using 8 workers of 8 for evacuation
[2022-02-26T19:34:51.996+0800][4.668s] GC(5)   Pre Evacuate Collection Set: 0.1ms
[2022-02-26T19:34:51.996+0800][4.668s] GC(5)   Merge Heap Roots: 0.0ms
[2022-02-26T19:34:51.996+0800][4.668s] GC(5)   Evacuate Collection Set: 3.8ms
[2022-02-26T19:34:51.996+0800][4.668s] GC(5)   Post Evacuate Collection Set: 0.2ms
[2022-02-26T19:34:51.996+0800][4.669s] GC(5)   Other: 0.1ms
[2022-02-26T19:34:51.996+0800][4.669s] GC(5) Eden regions: 2->0(305)
[2022-02-26T19:34:51.996+0800][4.669s] GC(5) Survivor regions: 12->2(4)
[2022-02-26T19:34:51.996+0800][4.669s] GC(5) Old regions: 16->27
[2022-02-26T19:34:51.996+0800][4.669s] GC(5) Archive regions: 0->0
[2022-02-26T19:34:51.996+0800][4.669s] GC(5) Humongous regions: 4->4
[2022-02-26T19:34:51.996+0800][4.669s] GC(5) Metaspace: 36429K(36736K)->36429K(36736K) NonClass: 32123K(32256K)->32123K(32256K) Class: 4305K(4480K)->4305K(4480K)
[2022-02-26T19:34:51.996+0800][4.669s] GC(5) Pause Young (Mixed) (Metadata GC Threshold) 32M->32M(512M) 4.435ms
[2022-02-26T19:34:51.996+0800][4.669s] GC(5) User=0.00s Sys=0.00s Real=0.01s
[2022-02-26T19:34:52.062+0800][4.739s] GC(6) Pause Young (Concurrent Start) (Metadata GC Threshold)
[2022-02-26T19:34:52.062+0800][4.739s] GC(6) Using 8 workers of 8 for evacuation
[2022-02-26T19:34:52.068+0800][4.741s] GC(6)   Pre Evacuate Collection Set: 0.1ms
[2022-02-26T19:34:52.068+0800][4.741s] GC(6)   Merge Heap Roots: 0.0ms
[2022-02-26T19:34:52.068+0800][4.741s] GC(6)   Evacuate Collection Set: 1.0ms
[2022-02-26T19:34:52.068+0800][4.741s] GC(6)   Post Evacuate Collection Set: 0.3ms
[2022-02-26T19:34:52.068+0800][4.741s] GC(6)   Other: 0.2ms
[2022-02-26T19:34:52.068+0800][4.741s] GC(6) Eden regions: 6->0(306)
[2022-02-26T19:34:52.068+0800][4.741s] GC(6) Survivor regions: 2->1(39)
[2022-02-26T19:34:52.068+0800][4.741s] GC(6) Old regions: 27->27
[2022-02-26T19:34:52.068+0800][4.741s] GC(6) Archive regions: 0->0
[2022-02-26T19:34:52.068+0800][4.741s] GC(6) Humongous regions: 4->4
[2022-02-26T19:34:52.068+0800][4.741s] GC(6) Metaspace: 36801K(37056K)->36801K(37056K) NonClass: 32470K(32576K)->32470K(32576K) Class: 4331K(4480K)->4331K(4480K)
[2022-02-26T19:34:52.068+0800][4.741s] GC(6) Pause Young (Concurrent Start) (Metadata GC Threshold) 38M->31M(512M) 1.808ms
[2022-02-26T19:34:52.068+0800][4.741s] GC(6) User=0.00s Sys=0.00s Real=0.01s
[2022-02-26T19:34:52.068+0800][4.741s] GC(7) Concurrent Mark Cycle
[2022-02-26T19:34:52.068+0800][4.741s] GC(7) Concurrent Clear Claimed Marks
[2022-02-26T19:34:52.068+0800][4.741s] GC(7) Concurrent Clear Claimed Marks 0.028ms
[2022-02-26T19:34:52.068+0800][4.741s] GC(7) Concurrent Scan Root Regions
[2022-02-26T19:34:52.069+0800][4.742s] GC(7) Concurrent Scan Root Regions 0.669ms
[2022-02-26T19:34:52.069+0800][4.742s] GC(7) Concurrent Mark
[2022-02-26T19:34:52.069+0800][4.742s] GC(7) Concurrent Mark From Roots
[2022-02-26T19:34:52.069+0800][4.742s] GC(7) Using 2 workers of 2 for marking
[2022-02-26T19:34:52.100+0800][4.772s] GC(7) Concurrent Mark From Roots 30.084ms
[2022-02-26T19:34:52.100+0800][4.772s] GC(7) Concurrent Preclean
[2022-02-26T19:34:52.100+0800][4.772s] GC(7) Concurrent Preclean 0.163ms
[2022-02-26T19:34:52.100+0800][4.772s] GC(7) Pause Remark
[2022-02-26T19:34:52.102+0800][4.774s] GC(7) Pause Remark 33M->33M(512M) 2.064ms
[2022-02-26T19:34:52.102+0800][4.774s] GC(7) User=0.00s Sys=0.00s Real=0.00s
[2022-02-26T19:34:52.102+0800][4.774s] GC(7) Concurrent Mark 32.612ms
[2022-02-26T19:34:52.102+0800][4.774s] GC(7) Concurrent Rebuild Remembered Sets
[2022-02-26T19:34:52.116+0800][4.788s] GC(7) Concurrent Rebuild Remembered Sets 14.003ms
[2022-02-26T19:34:52.116+0800][4.789s] GC(7) Pause Cleanup
[2022-02-26T19:34:52.116+0800][4.789s] GC(7) Pause Cleanup 34M->34M(512M) 0.167ms
[2022-02-26T19:34:52.116+0800][4.789s] GC(7) User=0.00s Sys=0.00s Real=0.00s
[2022-02-26T19:34:52.116+0800][4.789s] GC(7) Concurrent Cleanup for Next Mark
[2022-02-26T19:34:52.117+0800][4.789s] GC(7) Concurrent Cleanup for Next Mark 0.306ms
[2022-02-26T19:34:52.117+0800][4.789s] GC(7) Concurrent Mark Cycle 48.257ms
[2022-02-26T20:22:55.942+0800][2888.621s] GC(8) Pause Young (Normal) (G1 Evacuation Pause)
[2022-02-26T20:22:55.942+0800][2888.621s] GC(8) Using 8 workers of 8 for evacuation
[2022-02-26T20:22:55.958+0800][2888.630s] GC(8)   Pre Evacuate Collection Set: 0.2ms
[2022-02-26T20:22:55.958+0800][2888.631s] GC(8)   Merge Heap Roots: 0.1ms
[2022-02-26T20:22:55.958+0800][2888.631s] GC(8)   Evacuate Collection Set: 8.5ms
[2022-02-26T20:22:55.958+0800][2888.631s] GC(8)   Post Evacuate Collection Set: 0.9ms
[2022-02-26T20:22:55.958+0800][2888.631s] GC(8)   Other: 0.3ms
[2022-02-26T20:22:55.958+0800][2888.631s] GC(8) Eden regions: 306->0(297)
[2022-02-26T20:22:55.958+0800][2888.631s] GC(8) Survivor regions: 1->10(39)
[2022-02-26T20:22:55.958+0800][2888.631s] GC(8) Old regions: 27->27
[2022-02-26T20:22:55.958+0800][2888.631s] GC(8) Archive regions: 0->0
[2022-02-26T20:22:55.958+0800][2888.631s] GC(8) Humongous regions: 7->7
[2022-02-26T20:22:55.958+0800][2888.631s] GC(8) Metaspace: 49462K(49856K)->49462K(49856K) NonClass: 43578K(43776K)->43578K(43776K) Class: 5883K(6080K)->5883K(6080K)
[2022-02-26T20:22:55.958+0800][2888.631s] GC(8) Pause Young (Normal) (G1 Evacuation Pause) 340M->42M(512M) 10.090ms
[2022-02-26T20:22:55.958+0800][2888.631s] GC(8) User=0.06s Sys=0.05s Real=0.02s
[2022-02-26T20:34:34.975+0800][3587.647s] GC(9) Pause Young (Normal) (G1 Evacuation Pause)
[2022-02-26T20:34:34.975+0800][3587.647s] GC(9) Using 8 workers of 8 for evacuation
[2022-02-26T20:34:34.982+0800][3587.654s] GC(9)   Pre Evacuate Collection Set: 0.1ms
[2022-02-26T20:34:34.982+0800][3587.654s] GC(9)   Merge Heap Roots: 0.1ms
[2022-02-26T20:34:34.982+0800][3587.654s] GC(9)   Evacuate Collection Set: 5.7ms
[2022-02-26T20:34:34.982+0800][3587.654s] GC(9)   Post Evacuate Collection Set: 0.5ms
[2022-02-26T20:34:34.982+0800][3587.654s] GC(9)   Other: 0.3ms
[2022-02-26T20:34:34.982+0800][3587.654s] GC(9) Eden regions: 297->0(294)
[2022-02-26T20:34:34.982+0800][3587.654s] GC(9) Survivor regions: 10->13(39)
[2022-02-26T20:34:34.982+0800][3587.654s] GC(9) Old regions: 27->27
[2022-02-26T20:34:34.982+0800][3587.654s] GC(9) Archive regions: 0->0
[2022-02-26T20:34:34.982+0800][3587.654s] GC(9) Humongous regions: 7->7
[2022-02-26T20:34:34.982+0800][3587.654s] GC(9) Metaspace: 50967K(51328K)->50967K(51328K) NonClass: 44996K(45184K)->44996K(45184K) Class: 5970K(6144K)->5970K(6144K)
[2022-02-26T20:34:34.982+0800][3587.654s] GC(9) Pause Young (Normal) (G1 Evacuation Pause) 339M->46M(512M) 6.832ms
[2022-02-26T20:34:34.982+0800][3587.654s] GC(9) User=0.05s Sys=0.00s Real=0.01s
[2022-02-26T20:34:36.254+0800][3588.927s] GC(10) Pause Young (Normal) (G1 Evacuation Pause)
[2022-02-26T20:34:36.254+0800][3588.927s] GC(10) Using 8 workers of 8 for evacuation
[2022-02-26T20:34:36.263+0800][3588.935s] GC(10)   Pre Evacuate Collection Set: 0.1ms
[2022-02-26T20:34:36.263+0800][3588.935s] GC(10)   Merge Heap Roots: 0.1ms
[2022-02-26T20:34:36.263+0800][3588.935s] GC(10)   Evacuate Collection Set: 7.5ms
[2022-02-26T20:34:36.263+0800][3588.935s] GC(10)   Post Evacuate Collection Set: 0.8ms
[2022-02-26T20:34:36.263+0800][3588.935s] GC(10)   Other: 0.3ms
[2022-02-26T20:34:36.263+0800][3588.935s] GC(10) Eden regions: 294->0(287)
[2022-02-26T20:34:36.263+0800][3588.935s] GC(10) Survivor regions: 13->20(39)
[2022-02-26T20:34:36.263+0800][3588.936s] GC(10) Old regions: 27->27
[2022-02-26T20:34:36.263+0800][3588.936s] GC(10) Archive regions: 0->0
[2022-02-26T20:34:36.263+0800][3588.936s] GC(10) Humongous regions: 7->7
[2022-02-26T20:34:36.263+0800][3588.936s] GC(10) Metaspace: 51052K(51392K)->51052K(51392K) NonClass: 45080K(45248K)->45080K(45248K) Class: 5971K(6144K)->5971K(6144K)
[2022-02-26T20:34:36.263+0800][3588.936s] GC(10) Pause Young (Normal) (G1 Evacuation Pause) 340M->53M(512M) 9.070ms
[2022-02-26T20:34:36.263+0800][3588.936s] GC(10) User=0.00s Sys=0.00s Real=0.01s
[2022-02-26T20:34:37.296+0800][3589.974s] GC(11) Pause Young (Normal) (G1 Evacuation Pause)
[2022-02-26T20:34:37.296+0800][3589.975s] GC(11) Using 8 workers of 8 for evacuation
[2022-02-26T20:34:37.309+0800][3589.982s] GC(11)   Pre Evacuate Collection Set: 0.2ms
[2022-02-26T20:34:37.309+0800][3589.982s] GC(11)   Merge Heap Roots: 0.1ms
[2022-02-26T20:34:37.309+0800][3589.982s] GC(11)   Evacuate Collection Set: 6.3ms
[2022-02-26T20:34:37.309+0800][3589.982s] GC(11)   Post Evacuate Collection Set: 0.7ms
[2022-02-26T20:34:37.309+0800][3589.982s] GC(11)   Other: 0.1ms
[2022-02-26T20:34:37.309+0800][3589.982s] GC(11) Eden regions: 287->0(282)
[2022-02-26T20:34:37.309+0800][3589.982s] GC(11) Survivor regions: 20->25(39)
[2022-02-26T20:34:37.309+0800][3589.982s] GC(11) Old regions: 27->27
[2022-02-26T20:34:37.309+0800][3589.982s] GC(11) Archive regions: 0->0
[2022-02-26T20:34:37.309+0800][3589.982s] GC(11) Humongous regions: 7->7
[2022-02-26T20:34:37.309+0800][3589.982s] GC(11) Metaspace: 51061K(51456K)->51061K(51456K) NonClass: 45090K(45312K)->45090K(45312K) Class: 5971K(6144K)->5971K(6144K)
[2022-02-26T20:34:37.309+0800][3589.982s] GC(11) Pause Young (Normal) (G1 Evacuation Pause) 340M->58M(512M) 7.609ms
[2022-02-26T20:34:37.309+0800][3589.982s] GC(11) User=0.05s Sys=0.00s Real=0.01s
[2022-02-26T20:34:38.421+0800][3591.098s] GC(12) Pause Young (Normal) (G1 Evacuation Pause)
[2022-02-26T20:34:38.421+0800][3591.098s] GC(12) Using 8 workers of 8 for evacuation
[2022-02-26T20:34:38.435+0800][3591.107s] GC(12)   Pre Evacuate Collection Set: 0.1ms
[2022-02-26T20:34:38.435+0800][3591.107s] GC(12)   Merge Heap Roots: 0.1ms
[2022-02-26T20:34:38.435+0800][3591.107s] GC(12)   Evacuate Collection Set: 7.4ms
[2022-02-26T20:34:38.435+0800][3591.107s] GC(12)   Post Evacuate Collection Set: 0.9ms
[2022-02-26T20:34:38.435+0800][3591.107s] GC(12)   Other: 0.3ms
[2022-02-26T20:34:38.435+0800][3591.107s] GC(12) Eden regions: 282->0(284)
[2022-02-26T20:34:38.435+0800][3591.107s] GC(12) Survivor regions: 25->23(39)
[2022-02-26T20:34:38.435+0800][3591.107s] GC(12) Old regions: 27->35
[2022-02-26T20:34:38.435+0800][3591.107s] GC(12) Archive regions: 0->0
[2022-02-26T20:34:38.435+0800][3591.107s] GC(12) Humongous regions: 8->8
[2022-02-26T20:34:38.435+0800][3591.107s] GC(12) Metaspace: 51063K(51456K)->51063K(51456K) NonClass: 45092K(45312K)->45092K(45312K) Class: 5971K(6144K)->5971K(6144K)
[2022-02-26T20:34:38.435+0800][3591.107s] GC(12) Pause Young (Normal) (G1 Evacuation Pause) 341M->65M(512M) 8.980ms
[2022-02-26T20:34:38.435+0800][3591.107s] GC(12) User=0.03s Sys=0.05s Real=0.01s
[2022-02-26T20:48:26.793+0800][4419.467s] GC(13) Pause Young (Normal) (G1 Evacuation Pause)
[2022-02-26T20:48:26.793+0800][4419.467s] GC(13) Using 8 workers of 8 for evacuation
[2022-02-26T20:48:26.793+0800][4419.471s] GC(13)   Pre Evacuate Collection Set: 0.2ms
[2022-02-26T20:48:26.793+0800][4419.471s] GC(13)   Merge Heap Roots: 0.1ms
[2022-02-26T20:48:26.793+0800][4419.471s] GC(13)   Evacuate Collection Set: 2.4ms
[2022-02-26T20:48:26.793+0800][4419.471s] GC(13)   Post Evacuate Collection Set: 0.8ms
[2022-02-26T20:48:26.793+0800][4419.471s] GC(13)   Other: 0.2ms
[2022-02-26T20:48:26.793+0800][4419.471s] GC(13) Eden regions: 284->0(301)
[2022-02-26T20:48:26.793+0800][4419.471s] GC(13) Survivor regions: 23->6(39)
[2022-02-26T20:48:26.793+0800][4419.471s] GC(13) Old regions: 35->36
[2022-02-26T20:48:26.793+0800][4419.471s] GC(13) Archive regions: 0->0
[2022-02-26T20:48:26.793+0800][4419.471s] GC(13) Humongous regions: 8->7
[2022-02-26T20:48:26.793+0800][4419.471s] GC(13) Metaspace: 52280K(52672K)->52280K(52672K) NonClass: 46208K(46400K)->46208K(46400K) Class: 6071K(6272K)->6071K(6272K)
[2022-02-26T20:48:26.793+0800][4419.471s] GC(13) Pause Young (Normal) (G1 Evacuation Pause) 349M->47M(512M) 3.865ms
[2022-02-26T20:48:26.793+0800][4419.471s] GC(13) User=0.00s Sys=0.00s Real=0.00s
[2022-02-26T20:55:51.039+0800][4863.713s] GC(14) Pause Young (Normal) (G1 Evacuation Pause)
[2022-02-26T20:55:51.039+0800][4863.713s] GC(14) Using 8 workers of 8 for evacuation
[2022-02-26T20:55:51.039+0800][4863.716s] GC(14)   Pre Evacuate Collection Set: 0.2ms
[2022-02-26T20:55:51.039+0800][4863.716s] GC(14)   Merge Heap Roots: 0.1ms
[2022-02-26T20:55:51.039+0800][4863.716s] GC(14)   Evacuate Collection Set: 1.7ms
[2022-02-26T20:55:51.039+0800][4863.716s] GC(14)   Post Evacuate Collection Set: 0.8ms
[2022-02-26T20:55:51.039+0800][4863.716s] GC(14)   Other: 0.2ms
[2022-02-26T20:55:51.039+0800][4863.716s] GC(14) Eden regions: 301->0(302)
[2022-02-26T20:55:51.039+0800][4863.716s] GC(14) Survivor regions: 6->5(39)
[2022-02-26T20:55:51.039+0800][4863.716s] GC(14) Old regions: 36->36
[2022-02-26T20:55:51.039+0800][4863.716s] GC(14) Archive regions: 0->0
[2022-02-26T20:55:51.039+0800][4863.716s] GC(14) Humongous regions: 7->7
[2022-02-26T20:55:51.039+0800][4863.716s] GC(14) Metaspace: 52400K(52800K)->52400K(52800K) NonClass: 46316K(46528K)->46316K(46528K) Class: 6083K(6272K)->6083K(6272K)
[2022-02-26T20:55:51.039+0800][4863.716s] GC(14) Pause Young (Normal) (G1 Evacuation Pause) 348M->47M(512M) 3.106ms
[2022-02-26T20:55:51.039+0800][4863.716s] GC(14) User=0.00s Sys=0.00s Real=0.00s
[2022-02-26T21:08:50.603+0800][5643.279s] GC(15) Pause Young (Normal) (G1 Evacuation Pause)
[2022-02-26T21:08:50.603+0800][5643.279s] GC(15) Using 8 workers of 8 for evacuation
[2022-02-26T21:08:50.611+0800][5643.284s] GC(15)   Pre Evacuate Collection Set: 0.1ms
[2022-02-26T21:08:50.611+0800][5643.284s] GC(15)   Merge Heap Roots: 0.1ms
[2022-02-26T21:08:50.611+0800][5643.284s] GC(15)   Evacuate Collection Set: 3.9ms
[2022-02-26T21:08:50.611+0800][5643.284s] GC(15)   Post Evacuate Collection Set: 0.6ms
[2022-02-26T21:08:50.611+0800][5643.284s] GC(15)   Other: 0.3ms
[2022-02-26T21:08:50.611+0800][5643.284s] GC(15) Eden regions: 302->0(302)
[2022-02-26T21:08:50.611+0800][5643.284s] GC(15) Survivor regions: 5->5(39)
[2022-02-26T21:08:50.611+0800][5643.284s] GC(15) Old regions: 36->36
[2022-02-26T21:08:50.611+0800][5643.284s] GC(15) Archive regions: 0->0
[2022-02-26T21:08:50.611+0800][5643.284s] GC(15) Humongous regions: 7->7
[2022-02-26T21:08:50.611+0800][5643.284s] GC(15) Metaspace: 52677K(53056K)->52677K(53056K) NonClass: 46562K(46784K)->46562K(46784K) Class: 6115K(6272K)->6115K(6272K)
[2022-02-26T21:08:50.611+0800][5643.284s] GC(15) Pause Young (Normal) (G1 Evacuation Pause) 349M->47M(512M) 5.121ms
[2022-02-26T21:08:50.611+0800][5643.284s] GC(15) User=0.00s Sys=0.00s Real=0.01s
[2022-02-26T21:10:56.624+0800][5769.296s] GC(16) Pause Young (Normal) (G1 Evacuation Pause)
[2022-02-26T21:10:56.624+0800][5769.296s] GC(16) Using 8 workers of 8 for evacuation
[2022-02-26T21:10:56.625+0800][5769.301s] GC(16)   Pre Evacuate Collection Set: 0.1ms
[2022-02-26T21:10:56.625+0800][5769.301s] GC(16)   Merge Heap Roots: 0.1ms
[2022-02-26T21:10:56.625+0800][5769.301s] GC(16)   Evacuate Collection Set: 3.1ms
[2022-02-26T21:10:56.625+0800][5769.301s] GC(16)   Post Evacuate Collection Set: 0.9ms
[2022-02-26T21:10:56.625+0800][5769.301s] GC(16)   Other: 0.2ms
[2022-02-26T21:10:56.625+0800][5769.301s] GC(16) Eden regions: 302->0(302)
[2022-02-26T21:10:56.625+0800][5769.301s] GC(16) Survivor regions: 5->5(39)
[2022-02-26T21:10:56.625+0800][5769.301s] GC(16) Old regions: 36->36
[2022-02-26T21:10:56.625+0800][5769.301s] GC(16) Archive regions: 0->0
[2022-02-26T21:10:56.625+0800][5769.301s] GC(16) Humongous regions: 7->7
[2022-02-26T21:10:56.625+0800][5769.301s] GC(16) Metaspace: 52719K(53056K)->52719K(53056K) NonClass: 46602K(46784K)->46602K(46784K) Class: 6116K(6272K)->6116K(6272K)
[2022-02-26T21:10:56.625+0800][5769.301s] GC(16) Pause Young (Normal) (G1 Evacuation Pause) 349M->47M(512M) 4.711ms
[2022-02-26T21:10:56.625+0800][5769.301s] GC(16) User=0.00s Sys=0.00s Real=0.00s
[2022-02-26T21:11:45.524+0800][5818.198s] GC(17) Pause Young (Normal) (G1 Evacuation Pause)
[2022-02-26T21:11:45.524+0800][5818.198s] GC(17) Using 8 workers of 8 for evacuation
[2022-02-26T21:11:45.524+0800][5818.201s] GC(17)   Pre Evacuate Collection Set: 0.2ms
[2022-02-26T21:11:45.524+0800][5818.201s] GC(17)   Merge Heap Roots: 0.1ms
[2022-02-26T21:11:45.524+0800][5818.202s] GC(17)   Evacuate Collection Set: 1.9ms
[2022-02-26T21:11:45.524+0800][5818.202s] GC(17)   Post Evacuate Collection Set: 0.9ms
[2022-02-26T21:11:45.524+0800][5818.202s] GC(17)   Other: 0.2ms
[2022-02-26T21:11:45.524+0800][5818.202s] GC(17) Eden regions: 302->0(302)
[2022-02-26T21:11:45.524+0800][5818.202s] GC(17) Survivor regions: 5->5(39)
[2022-02-26T21:11:45.524+0800][5818.202s] GC(17) Old regions: 36->36
[2022-02-26T21:11:45.524+0800][5818.202s] GC(17) Archive regions: 0->0
[2022-02-26T21:11:45.524+0800][5818.202s] GC(17) Humongous regions: 7->7
[2022-02-26T21:11:45.524+0800][5818.202s] GC(17) Metaspace: 52733K(53120K)->52733K(53120K) NonClass: 46617K(46848K)->46617K(46848K) Class: 6116K(6272K)->6116K(6272K)
[2022-02-26T21:11:45.524+0800][5818.202s] GC(17) Pause Young (Normal) (G1 Evacuation Pause) 349M->47M(512M) 3.336ms
[2022-02-26T21:11:45.524+0800][5818.202s] GC(17) User=0.00s Sys=0.00s Real=0.00s
