2022-03-19 13:26:14.371 INFO  (main) [   ] o.e.j.u.log Logging initialized @1021ms to org.eclipse.jetty.util.log.Slf4jLog
2022-03-19 13:26:14.586 INFO  (main) [   ] o.e.j.s.Server jetty-9.4.44.v20210927; built: 2021-09-27T23:02:44.612Z; git: 8da83308eeca865e495e53ef315a249d63ba9332; jvm 17.0.2+8-LTS-86
2022-03-19 13:26:14.597 INFO  (main) [   ] o.e.j.d.p.ScanningAppProvider Deployment monitor [file:///C:/Users/jorda/OneDrive%20-%20Nanyang%20Technological%20University/CZ4034%20Information%20Retrieval/Final%20Project/CZ4034_Information-Retrieval/backend/solr-8.11.1/server/contexts/] at interval 0
2022-03-19 13:26:15.119 INFO  (main) [   ] o.e.j.w.StandardDescriptorProcessor NO JSP Support for /solr, did not find org.apache.jasper.servlet.JspServlet
2022-03-19 13:26:15.130 INFO  (main) [   ] o.e.j.s.session DefaultSessionIdManager workerName=node0
2022-03-19 13:26:15.130 INFO  (main) [   ] o.e.j.s.session No SessionScavenger set, using defaults
2022-03-19 13:26:15.133 INFO  (main) [   ] o.e.j.s.session node0 Scavenging every 660000ms
2022-03-19 13:26:15.174 INFO  (main) [   ] o.a.s.s.SolrDispatchFilter Using logger factory org.apache.logging.slf4j.Log4jLoggerFactory
2022-03-19 13:26:15.186 INFO  (main) [   ] o.a.s.s.SolrDispatchFilter  ___      _       Welcome to Apache Solr™ version 8.11.1
2022-03-19 13:26:15.186 INFO  (main) [   ] o.a.s.s.SolrDispatchFilter / __| ___| |_ _   Starting in standalone mode on port 8983
2022-03-19 13:26:15.186 INFO  (main) [   ] o.a.s.s.SolrDispatchFilter \__ \/ _ \ | '_|  Install dir: C:\Users\jorda\OneDrive - Nanyang Technological University\CZ4034 Information Retrieval\Final Project\CZ4034_Information-Retrieval\backend\solr-8.11.1
2022-03-19 13:26:15.186 INFO  (main) [   ] o.a.s.s.SolrDispatchFilter |___/\___/_|_|    Start time: 2022-03-19T13:26:15.186393Z
2022-03-19 13:26:15.186 INFO  (main) [   ] o.a.s.c.SolrPaths Using system property solr.solr.home: C:\Users\jorda\OneDrive - Nanyang Technological University\CZ4034 Information Retrieval\Final Project\CZ4034_Information-Retrieval\backend\solr-8.11.1\server\solr
2022-03-19 13:26:15.186 INFO  (main) [   ] o.a.s.c.SolrXmlConfig Loading container configuration from C:\Users\jorda\OneDrive - Nanyang Technological University\CZ4034 Information Retrieval\Final Project\CZ4034_Information-Retrieval\backend\solr-8.11.1\server\solr\solr.xml
2022-03-19 13:26:15.280 INFO  (main) [   ] o.a.s.c.SolrXmlConfig MBean server found: com.sun.jmx.mbeanserver.JmxMBeanServer@4f0f2942, but no JMX reporters were configured - adding default JMX reporter.
2022-03-19 13:26:15.839 INFO  (main) [   ] o.a.s.h.c.HttpShardHandlerFactory Host whitelist initialized: WhitelistHostChecker [whitelistHosts=null, whitelistHostCheckingEnabled=true]
2022-03-19 13:26:16.024 WARN  (main) [   ] o.e.j.u.s.S.config Trusting all certificates configured for Client@4e1ce44[provider=null,keyStore=null,trustStore=null]
2022-03-19 13:26:16.024 WARN  (main) [   ] o.e.j.u.s.S.config No Client EndPointIdentificationAlgorithm configured for Client@4e1ce44[provider=null,keyStore=null,trustStore=null]
2022-03-19 13:26:16.146 WARN  (main) [   ] o.e.j.u.s.S.config Trusting all certificates configured for Client@7a0e7ecd[provider=null,keyStore=null,trustStore=null]
2022-03-19 13:26:16.146 WARN  (main) [   ] o.e.j.u.s.S.config No Client EndPointIdentificationAlgorithm configured for Client@7a0e7ecd[provider=null,keyStore=null,trustStore=null]
2022-03-19 13:26:16.176 WARN  (main) [   ] o.a.s.c.CoreContainer Not all security plugins configured!  authentication=disabled authorization=disabled.  Solr is only as secure as you make it. Consider configuring authentication/authorization before exposing Solr to users internal or external.  See https://s.apache.org/solrsecurity for more info
2022-03-19 13:26:16.280 INFO  (main) [   ] o.a.s.c.TransientSolrCoreCacheDefault Allocating transient core cache for max 2147483647 cores with initial capacity of 1024
2022-03-19 13:26:16.292 INFO  (main) [   ] o.a.s.h.a.MetricsHistoryHandler No .system collection, keeping metrics history in memory.
2022-03-19 13:26:16.353 INFO  (main) [   ] o.a.s.m.r.SolrJmxReporter JMX monitoring for 'solr.node' (registry 'solr.node') enabled at server: com.sun.jmx.mbeanserver.JmxMBeanServer@4f0f2942
2022-03-19 13:26:16.353 INFO  (main) [   ] o.a.s.m.r.SolrJmxReporter JMX monitoring for 'solr.jvm' (registry 'solr.jvm') enabled at server: com.sun.jmx.mbeanserver.JmxMBeanServer@4f0f2942
2022-03-19 13:26:16.353 INFO  (main) [   ] o.a.s.m.r.SolrJmxReporter JMX monitoring for 'solr.jetty' (registry 'solr.jetty') enabled at server: com.sun.jmx.mbeanserver.JmxMBeanServer@4f0f2942
2022-03-19 13:26:16.383 INFO  (main) [   ] o.a.s.c.CorePropertiesLocator Found 1 core definitions underneath C:\Users\jorda\OneDrive - Nanyang Technological University\CZ4034 Information Retrieval\Final Project\CZ4034_Information-Retrieval\backend\solr-8.11.1\server\solr
2022-03-19 13:26:16.383 INFO  (main) [   ] o.a.s.c.CorePropertiesLocator Cores are: [tweets]
2022-03-19 13:26:16.420 INFO  (coreLoadExecutor-13-thread-1) [   x:tweets] o.a.s.c.SolrResourceLoader Added 12 libs to classloader, from paths: [/C:/Users/jorda/OneDrive%20-%20Nanyang%20Technological%20University/CZ4034%20Information%20Retrieval/Final%20Project/CZ4034_Information-Retrieval/backend/solr-8.11.1/contrib/analysis-extras/lib, /C:/Users/jorda/OneDrive%20-%20Nanyang%20Technological%20University/CZ4034%20Information%20Retrieval/Final%20Project/CZ4034_Information-Retrieval/backend/solr-8.11.1/contrib/analysis-extras/lucene-libs]
2022-03-19 13:26:16.610 INFO  (coreLoadExecutor-13-thread-1) [   x:tweets] o.a.s.c.SolrConfig Using Lucene MatchVersion: 8.11.1
2022-03-19 13:26:16.642 WARN  (coreLoadExecutor-13-thread-1) [   x:tweets] o.a.s.c.SolrConfig solrconfig.xml: <jmx> is no longer supported, use solr.xml:/metrics/reporter section instead
2022-03-19 13:26:16.683 INFO  (coreLoadExecutor-13-thread-1) [   x:tweets] o.a.s.s.IndexSchema Schema name=default-config
2022-03-19 13:26:16.765 INFO  (main) [   ] o.e.j.s.h.ContextHandler Started o.e.j.w.WebAppContext@53ab0286{/solr,file:///C:/Users/jorda/OneDrive%20-%20Nanyang%20Technological%20University/CZ4034%20Information%20Retrieval/Final%20Project/CZ4034_Information-Retrieval/backend/solr-8.11.1/server/solr-webapp/webapp/,AVAILABLE}{C:\Users\jorda\OneDrive - Nanyang Technological University\CZ4034 Information Retrieval\Final Project\CZ4034_Information-Retrieval\backend\solr-8.11.1\server/solr-webapp/webapp}
2022-03-19 13:26:16.781 INFO  (main) [   ] o.e.j.s.AbstractConnector Started ServerConnector@478ee483{HTTP/1.1, (http/1.1, h2c)}{0.0.0.0:8983}
2022-03-19 13:26:16.781 INFO  (main) [   ] o.e.j.s.Server Started @3434ms
2022-03-19 13:26:16.781 WARN  (coreLoadExecutor-13-thread-1) [   x:tweets] o.a.s.D.s.TrieIntField Solr loaded a deprecated plugin/analysis class [solr.TrieIntField]. Please consult documentation how to replace it accordingly.
2022-03-19 13:26:16.841 WARN  (coreLoadExecutor-13-thread-1) [   x:tweets] o.a.s.s.AbstractSpatialPrefixTreeFieldType FieldType SpatialRecursivePrefixTreeFieldType does not allow omitNorms to be specified in schema, hardcoded behavior is omitNorms=true
2022-03-19 13:26:16.841 WARN  (coreLoadExecutor-13-thread-1) [   x:tweets] o.a.s.s.AbstractSpatialPrefixTreeFieldType FieldType SpatialRecursivePrefixTreeFieldType does not allow omitTermFreqAndPositions to be specified in schema, hardcoded behavior is omitTermFreqAndPositions=true
2022-03-19 13:26:16.841 WARN  (coreLoadExecutor-13-thread-1) [   x:tweets] o.a.s.s.AbstractSpatialPrefixTreeFieldType FieldType SpatialRecursivePrefixTreeFieldType does not allow termOffsets to be specified in schema, hardcoded behavior is termOffsets=false
2022-03-19 13:26:16.841 WARN  (coreLoadExecutor-13-thread-1) [   x:tweets] o.a.s.s.AbstractSpatialPrefixTreeFieldType FieldType SpatialRecursivePrefixTreeFieldType does not allow termPositions to be specified in schema, hardcoded behavior is termPositions=false
2022-03-19 13:26:16.841 WARN  (coreLoadExecutor-13-thread-1) [   x:tweets] o.a.s.s.AbstractSpatialPrefixTreeFieldType FieldType SpatialRecursivePrefixTreeFieldType does not allow omitPositions to be specified in schema, hardcoded behavior is omitPositions=true
2022-03-19 13:26:17.552 INFO  (coreLoadExecutor-13-thread-1) [   x:tweets] o.a.s.s.IndexSchema Loaded schema default-config/1.6 with uniqueid field id
2022-03-19 13:26:17.605 INFO  (coreLoadExecutor-13-thread-1) [   x:tweets] o.a.s.c.CoreContainer Creating SolrCore 'tweets' using configuration from instancedir C:\Users\jorda\OneDrive - Nanyang Technological University\CZ4034 Information Retrieval\Final Project\CZ4034_Information-Retrieval\backend\solr-8.11.1\server\solr\tweets, trusted=true
2022-03-19 13:26:17.626 INFO  (coreLoadExecutor-13-thread-1) [   x:tweets] o.a.s.m.r.SolrJmxReporter JMX monitoring for 'solr.core.tweets' (registry 'solr.core.tweets') enabled at server: com.sun.jmx.mbeanserver.JmxMBeanServer@4f0f2942
2022-03-19 13:26:17.636 INFO  (coreLoadExecutor-13-thread-1) [   x:tweets] o.a.s.c.SolrCore [[tweets] ] Opening new SolrCore at [C:\Users\jorda\OneDrive - Nanyang Technological University\CZ4034 Information Retrieval\Final Project\CZ4034_Information-Retrieval\backend\solr-8.11.1\server\solr\tweets], dataDir=[C:\Users\jorda\OneDrive - Nanyang Technological University\CZ4034 Information Retrieval\Final Project\CZ4034_Information-Retrieval\backend\solr-8.11.1\server\solr\tweets\data\]
2022-03-19 13:26:18.191 INFO  (coreLoadExecutor-13-thread-1) [   x:tweets] o.a.s.u.UpdateHandler Using UpdateLog implementation: org.apache.solr.update.UpdateLog
2022-03-19 13:26:18.191 INFO  (coreLoadExecutor-13-thread-1) [   x:tweets] o.a.s.u.UpdateLog Initializing UpdateLog: dataDir= defaultSyncLevel=FLUSH numRecordsToKeep=100 maxNumLogsToKeep=10 numVersionBuckets=65536
2022-03-19 13:26:18.202 INFO  (coreLoadExecutor-13-thread-1) [   x:tweets] o.a.s.u.CommitTracker Hard AutoCommit: if uncommitted for 15000ms; 
2022-03-19 13:26:18.202 INFO  (coreLoadExecutor-13-thread-1) [   x:tweets] o.a.s.u.CommitTracker Soft AutoCommit: disabled
2022-03-19 13:26:18.367 INFO  (coreLoadExecutor-13-thread-1) [   x:tweets] o.a.s.r.ManagedResourceStorage File-based storage initialized to use dir: C:\Users\jorda\OneDrive - Nanyang Technological University\CZ4034 Information Retrieval\Final Project\CZ4034_Information-Retrieval\backend\solr-8.11.1\server\solr\tweets\conf
2022-03-19 13:26:18.377 INFO  (coreLoadExecutor-13-thread-1) [   x:tweets] o.a.s.h.c.SpellCheckComponent Initializing spell checkers
2022-03-19 13:26:18.377 INFO  (coreLoadExecutor-13-thread-1) [   x:tweets] o.a.s.s.DirectSolrSpellChecker init: {name=default,field=text,classname=solr.DirectSolrSpellChecker,distanceMeasure=internal,accuracy=0.2,maxQueryFrequency=0.99,thresholdTokenFrequency=0.0,maxEdits=2,minPrefix=0,maxInspections=5,minQueryLength=1}
2022-03-19 13:26:18.387 INFO  (coreLoadExecutor-13-thread-1) [   x:tweets] o.a.s.h.c.SpellCheckComponent Initializing spell checkers
2022-03-19 13:26:18.387 INFO  (coreLoadExecutor-13-thread-1) [   x:tweets] o.a.s.s.s.Suggester init: {name=suggest,classname=org.apache.solr.spelling.suggest.Suggester,lookupImpl=org.apache.solr.spelling.suggest.tst.TSTLookup,field=text,comparatorClass=freq,buildOnOptimize=true,buildOnCommit=true,threshold=0.01}
2022-03-19 13:26:18.387 INFO  (coreLoadExecutor-13-thread-1) [   x:tweets] o.a.s.h.c.SpellCheckComponent Registering newSearcher listener for spellchecker: suggest
2022-03-19 13:26:18.397 INFO  (coreLoadExecutor-13-thread-1) [   x:tweets] o.a.s.h.ReplicationHandler Commits will be reserved for 10000 ms
2022-03-19 13:26:18.408 INFO  (searcherExecutor-15-thread-1-processing-x:tweets) [   x:tweets] o.a.s.c.QuerySenderListener QuerySenderListener done.
2022-03-19 13:26:18.408 INFO  (searcherExecutor-15-thread-1-processing-x:tweets) [   x:tweets] o.a.s.h.c.SpellCheckComponent Loading spell index for spellchecker: default
2022-03-19 13:26:18.408 INFO  (searcherExecutor-15-thread-1-processing-x:tweets) [   x:tweets] o.a.s.h.c.SpellCheckComponent Loading spell index for spellchecker: suggest
2022-03-19 13:26:18.408 INFO  (searcherExecutor-15-thread-1-processing-x:tweets) [   x:tweets] o.a.s.s.s.Suggester reload()
2022-03-19 13:26:18.408 INFO  (searcherExecutor-15-thread-1-processing-x:tweets) [   x:tweets] o.a.s.s.s.Suggester build()
2022-03-19 13:26:18.473 INFO  (searcherExecutor-15-thread-1-processing-x:tweets) [   x:tweets] o.a.s.c.SolrCore [tweets]  Registered new searcher autowarm time: 0 ms
2022-03-19 13:26:19.693 INFO  (qtp2101636817-27) [   ] o.a.s.s.HttpSolrCall [admin] webapp=null path=/admin/info/system params={wt=json} status=0 QTime=61
2022-03-19 13:26:34.769 INFO  (qtp2101636817-22) [   x:tweets] o.a.s.c.S.Request [tweets]  webapp=/solr path=/select params={q="booster+shot"&df=text&sort=retweetcount+desc&fq=sentiment:neutral&rows=10000&wt=json} hits=1126 status=0 QTime=664
2022-03-19 13:32:30.543 INFO  (qtp2101636817-23) [   x:tweets] o.a.s.c.S.Request [tweets]  webapp=/solr path=/select params={q=jobs&df=text&sort=retweetcount+desc&fq=sentiment:neutral&rows=10000&wt=json} hits=115 status=0 QTime=354
2022-03-19 13:32:48.394 INFO  (qtp2101636817-22) [   x:tweets] o.a.s.c.S.Request [tweets]  webapp=/solr path=/select params={q=pfizer&df=text&sort=retweetcount+desc&fq=sentiment:neutral&rows=10000&wt=json} hits=862 status=0 QTime=48
2022-03-19 13:33:07.206 INFO  (qtp2101636817-27) [   x:tweets] o.a.s.c.S.Request [tweets]  webapp=/solr path=/select params={q=shot&df=text&sort=tweetcreatedts+desc&rows=10000&wt=json} hits=3592 status=0 QTime=495
2022-03-19 13:33:19.397 INFO  (qtp2101636817-22) [   x:tweets] o.a.s.c.S.Request [tweets]  webapp=/solr path=/select params={q=shot&df=text&sort=retweetcount+desc&fq=sentiment:neutral&rows=10000&wt=json} hits=1408 status=0 QTime=3
2022-03-19 13:33:26.326 INFO  (qtp2101636817-27) [   x:tweets] o.a.s.c.S.Request [tweets]  webapp=/solr path=/select params={q=shots&df=text&sort=retweetcount+desc&fq=sentiment:neutral&rows=10000&wt=json} hits=1408 status=0 QTime=4
2022-03-19 13:33:32.111 INFO  (qtp2101636817-22) [   x:tweets] o.a.s.c.S.Request [tweets]  webapp=/solr path=/select params={q=fire&df=text&sort=retweetcount+desc&fq=sentiment:neutral&rows=10000&wt=json} hits=51 status=0 QTime=5
2022-03-19 13:33:35.140 INFO  (qtp2101636817-27) [   x:tweets] o.a.s.c.S.Request [tweets]  webapp=/solr path=/select params={q=fires&df=text&sort=retweetcount+desc&fq=sentiment:neutral&rows=10000&wt=json} hits=51 status=0 QTime=3
2022-03-19 13:33:40.256 INFO  (qtp2101636817-22) [   x:tweets] o.a.s.c.S.Request [tweets]  webapp=/solr path=/select params={q=fires&df=text&sort=retweetcount+desc&fq=sentiment:neutral&rows=10000&wt=json} hits=51 status=0 QTime=2
2022-03-19 13:33:55.218 INFO  (qtp2101636817-27) [   x:tweets] o.a.s.c.S.Request [tweets]  webapp=/solr path=/select params={q=fires&df=text&sort=retweetcount+desc&fq=sentiment:neutral&rows=10000&wt=json} hits=51 status=0 QTime=2
2022-03-19 13:34:03.844 INFO  (qtp2101636817-22) [   x:tweets] o.a.s.c.S.Request [tweets]  webapp=/solr path=/select params={q="go+there"&df=text&sort=retweetcount+desc&fq=sentiment:neutral&rows=10000&wt=json} hits=3 status=0 QTime=114
2022-03-19 13:34:12.673 INFO  (qtp2101636817-27) [   x:tweets] o.a.s.c.S.Request [tweets]  webapp=/solr path=/select params={q=pleases&df=text&sort=retweetcount+desc&fq=sentiment:neutral&rows=10000&wt=json} hits=0 status=0 QTime=27
2022-03-19 13:34:20.586 INFO  (qtp2101636817-22) [   x:tweets] o.a.s.c.S.Request [tweets]  webapp=/solr path=/select params={q=pleases&df=text&sort=tweetcreatedts+desc&rows=10000&wt=json} hits=0 status=0 QTime=21
2022-03-19 13:34:24.370 INFO  (qtp2101636817-27) [   x:tweets] o.a.s.c.S.Request [tweets]  webapp=/solr path=/select params={q=please&df=text&sort=retweetcount+desc&fq=sentiment:neutral&rows=10000&wt=json} hits=88 status=0 QTime=8
2022-03-19 13:34:34.308 INFO  (qtp2101636817-22) [   x:tweets] o.a.s.c.S.Request [tweets]  webapp=/solr path=/select params={q=sir&df=text&sort=retweetcount+desc&fq=sentiment:neutral&rows=10000&wt=json} hits=11 status=0 QTime=6
2022-03-19 13:34:38.401 INFO  (qtp2101636817-27) [   x:tweets] o.a.s.c.S.Request [tweets]  webapp=/solr path=/select params={q=sir&df=text&sort=retweetcount+desc&fq=sentiment:neutral&rows=10000&wt=json} hits=11 status=0 QTime=2
2022-03-19 13:35:25.101 INFO  (qtp2101636817-22) [   x:tweets] o.a.s.c.S.Request [tweets]  webapp=/solr path=/select params={q=times&df=text&sort=tweetcreatedts+desc&rows=10000&wt=json} hits=1182 status=0 QTime=7
2022-03-19 13:35:32.792 INFO  (qtp2101636817-27) [   x:tweets] o.a.s.c.S.Request [tweets]  webapp=/solr path=/select params={q=hope&df=text&sort=tweetcreatedts+desc&rows=10000&wt=json} hits=380 status=0 QTime=5
2022-03-19 13:35:39.248 INFO  (qtp2101636817-22) [   x:tweets] o.a.s.c.S.Request [tweets]  webapp=/solr path=/select params={q=president&df=text&sort=tweetcreatedts+desc&rows=10000&wt=json} hits=71 status=0 QTime=5
2022-03-19 13:35:49.017 INFO  (qtp2101636817-27) [   x:tweets] o.a.s.c.S.Request [tweets]  webapp=/solr path=/select params={q=pending&df=text&sort=tweetcreatedts+desc&rows=10000&wt=json} hits=16 status=0 QTime=5
2022-03-19 13:35:57.002 INFO  (qtp2101636817-22) [   x:tweets] o.a.s.c.S.Request [tweets]  webapp=/solr path=/select params={q=oral&df=text&sort=tweetcreatedts+desc&rows=10000&wt=json} hits=12 status=0 QTime=3
2022-03-19 13:36:03.507 INFO  (qtp2101636817-27) [   x:tweets] o.a.s.c.S.Request [tweets]  webapp=/solr path=/select params={q=mandate&df=text&sort=tweetcreatedts+desc&rows=10000&wt=json} hits=2448 status=0 QTime=7
2022-03-19 13:36:22.838 INFO  (qtp2101636817-22) [   x:tweets] o.a.s.c.S.Request [tweets]  webapp=/solr path=/select params={q=help&df=text&sort=tweetcreatedts+desc&rows=10000&wt=json} hits=427 status=0 QTime=2
2022-03-19 13:36:45.632 INFO  (qtp2101636817-27) [   x:tweets] o.a.s.c.S.Request [tweets]  webapp=/solr path=/select params={q=length&df=text&sort=tweetcreatedts+desc&rows=10000&wt=json} hits=5 status=0 QTime=12
2022-03-19 13:37:29.499 INFO  (qtp2101636817-22) [   x:tweets] o.a.s.c.S.Request [tweets]  webapp=/solr path=/select params={q=length&df=text&sort=tweetcreatedts+desc&rows=10000&wt=json} hits=5 status=0 QTime=8
2022-03-19 13:37:35.559 INFO  (qtp2101636817-27) [   x:tweets] o.a.s.c.S.Request [tweets]  webapp=/solr path=/select params={q=magic&df=text&sort=tweetcreatedts+desc&rows=10000&wt=json} hits=15 status=0 QTime=2
2022-03-19 13:37:42.912 INFO  (qtp2101636817-22) [   x:tweets] o.a.s.c.S.Request [tweets]  webapp=/solr path=/select params={q=time&df=text&sort=tweetcreatedts+desc&rows=10000&wt=json} hits=1182 status=0 QTime=6
2022-03-19 13:37:51.660 INFO  (qtp2101636817-27) [   x:tweets] o.a.s.c.S.Request [tweets]  webapp=/solr path=/select params={q=booster&df=text&sort=tweetcreatedts+desc&rows=10000&wt=json} hits=4607 status=0 QTime=9
